Running: C:\Xilinx\14.7\ISE_DS\ISE\bin\nt64\unwrapped\fuse.exe -intstyle ise -incremental -o H:/procesador_aleja/procesador_aleja/memInstrucciones_test_isim_beh.exe -prj H:/procesador_aleja/procesador_aleja/memInstrucciones_test_beh.prj work.memInstrucciones_test 
ISim P.20131013 (signature 0x7708f090)
Number of CPUs detected in this system: 2
Turning on mult-threading, number of parallel sub-compilation jobs: 4 
Determining compilation order of HDL files
Parsing VHDL file "H:/procesador_aleja/procesador_aleja/memoriaInstrucciones.vhd" into library work
Parsing VHDL file "H:/procesador_aleja/procesador_aleja/memInstrucciones_test.vhd" into library work
Starting static elaboration
Completed static elaboration
Compiling package standard
Compiling package std_logic_1164
Compiling package std_logic_arith
Compiling package std_logic_unsigned
Compiling package textio
Compiling architecture behavioral of entity memoriaInstrucciones [memoriainstrucciones_default]
Compiling architecture behavior of entity meminstrucciones_test
Time Resolution for simulation is 1ps.
Waiting for 2 sub-compilation(s) to finish...
Compiled 8 VHDL Units
Built simulation executable H:/procesador_aleja/procesador_aleja/memInstrucciones_test_isim_beh.exe
Fuse Memory Usage: 33060 KB
Fuse CPU Usage: 748 ms
